<?xml version="1.0" encoding="UTF-8"?>
<!-- Generated by org.testng.reporters.JUnitXMLReporter -->
<testsuite ignored="0" hostname="DESKTOP-VEGOFQM" failures="0" tests="4" name="Default test" time="13.956" errors="0" timestamp="2023-10-15T22:19:16 IST">
  <testcase classname="com.Facebook.Test.SignInTests" name="loginwithValidCredentials" time="0.566"/>
  <testcase classname="com.Facebook.Test.SignInTests" name="loginwithInvalidEmail" time="0.511"/>
  <testcase classname="com.Facebook.Test.SignInTests" name="loginwithInvalidPassword" time="0.5"/>
  <testcase classname="com.Facebook.Test.SignInTests" name="loginwithBlankCredentials" time="1.286"/>
</testsuite> <!-- Default test -->
